[2024-05-17 09:09:52 [32mINFO [0;39m restartedMain] [com.green.greengram.GreengramVer2Application] [36mStarting GreengramVer2Application using Java 17.0.11 with PID 6936 (D:\2024_BACK_JI\GreengramVer2\build\classes\java\main started by Administrator in D:\2024_BACK_JI\GreengramVer2)[0;39m
[2024-05-17 09:09:52 [32mINFO [0;39m restartedMain] [com.green.greengram.GreengramVer2Application] [36mNo active profile set, falling back to 1 default profile: "default"[0;39m
[2024-05-17 09:09:52 [32mINFO [0;39m restartedMain] [org.springframework.boot.devtools.env.DevToolsPropertyDefaultsPostProcessor] [36mDevtools property defaults active! Set 'spring.devtools.add-properties' to 'false' to disable[0;39m
[2024-05-17 09:09:52 [32mINFO [0;39m restartedMain] [org.springframework.boot.devtools.env.DevToolsPropertyDefaultsPostProcessor] [36mFor additional web related logging consider setting the 'logging.level.web' property to 'DEBUG'[0;39m
[2024-05-17 09:09:53 [32mINFO [0;39m restartedMain] [org.springframework.boot.web.embedded.tomcat.TomcatWebServer] [36mTomcat initialized with port 8080 (http)[0;39m
[2024-05-17 09:09:53 [32mINFO [0;39m restartedMain] [org.apache.coyote.http11.Http11NioProtocol] [36mInitializing ProtocolHandler ["http-nio-8080"][0;39m
[2024-05-17 09:09:53 [32mINFO [0;39m restartedMain] [org.apache.catalina.core.StandardService] [36mStarting service [Tomcat][0;39m
[2024-05-17 09:09:53 [32mINFO [0;39m restartedMain] [org.apache.catalina.core.StandardEngine] [36mStarting Servlet engine: [Apache Tomcat/10.1.20][0;39m
[2024-05-17 09:09:53 [32mINFO [0;39m restartedMain] [org.apache.catalina.core.ContainerBase.[Tomcat].[localhost].[/]] [36mInitializing Spring embedded WebApplicationContext[0;39m
[2024-05-17 09:09:53 [32mINFO [0;39m restartedMain] [org.springframework.boot.web.servlet.context.ServletWebServerApplicationContext] [36mRoot WebApplicationContext: initialization completed in 937 ms[0;39m
[2024-05-17 09:09:53 [32mINFO [0;39m restartedMain] [org.springframework.boot.autoconfigure.web.servlet.WelcomePageHandlerMapping] [36mAdding welcome page: class path resource [static/index.html][0;39m
[2024-05-17 09:09:54 [33mWARN [0;39m restartedMain] [org.springframework.boot.devtools.autoconfigure.OptionalLiveReloadServer] [36mUnable to start LiveReload server[0;39m
[2024-05-17 09:09:54 [32mINFO [0;39m restartedMain] [org.springframework.boot.actuate.endpoint.web.EndpointLinksResolver] [36mExposing 1 endpoint(s) beneath base path '/actuator'[0;39m
[2024-05-17 09:09:54 [32mINFO [0;39m restartedMain] [org.apache.coyote.http11.Http11NioProtocol] [36mStarting ProtocolHandler ["http-nio-8080"][0;39m
[2024-05-17 09:09:54 [33mWARN [0;39m restartedMain] [org.springframework.boot.web.servlet.context.AnnotationConfigServletWebServerApplicationContext] [36mException encountered during context initialization - cancelling refresh attempt: org.springframework.context.ApplicationContextException: Failed to start bean 'webServerStartStop'[0;39m
[2024-05-17 09:09:54 [32mINFO [0;39m restartedMain] [org.springframework.boot.autoconfigure.logging.ConditionEvaluationReportLogger] [36m

Error starting ApplicationContext. To display the condition evaluation report re-run your application with 'debug' enabled.[0;39m
[2024-05-17 09:09:54 [31mERROR[0;39m restartedMain] [org.springframework.boot.diagnostics.LoggingFailureAnalysisReporter] [36m

***************************
APPLICATION FAILED TO START
***************************

Description:

Web server failed to start. Port 8080 was already in use.

Action:

Identify and stop the process that's listening on port 8080 or configure this application to listen on another port.
[0;39m
[2024-05-17 09:10:06 [32mINFO [0;39m restartedMain] [com.green.greengram.GreengramVer2Application] [36mStarting GreengramVer2Application using Java 17.0.11 with PID 7428 (D:\2024_BACK_JI\GreengramVer2\build\classes\java\main started by Administrator in D:\2024_BACK_JI\GreengramVer2)[0;39m
[2024-05-17 09:10:06 [32mINFO [0;39m restartedMain] [com.green.greengram.GreengramVer2Application] [36mNo active profile set, falling back to 1 default profile: "default"[0;39m
[2024-05-17 09:10:06 [32mINFO [0;39m restartedMain] [org.springframework.boot.devtools.env.DevToolsPropertyDefaultsPostProcessor] [36mDevtools property defaults active! Set 'spring.devtools.add-properties' to 'false' to disable[0;39m
[2024-05-17 09:10:06 [32mINFO [0;39m restartedMain] [org.springframework.boot.devtools.env.DevToolsPropertyDefaultsPostProcessor] [36mFor additional web related logging consider setting the 'logging.level.web' property to 'DEBUG'[0;39m
[2024-05-17 09:10:07 [32mINFO [0;39m restartedMain] [org.springframework.boot.web.embedded.tomcat.TomcatWebServer] [36mTomcat initialized with port 8080 (http)[0;39m
[2024-05-17 09:10:07 [32mINFO [0;39m restartedMain] [org.apache.coyote.http11.Http11NioProtocol] [36mInitializing ProtocolHandler ["http-nio-8080"][0;39m
[2024-05-17 09:10:07 [32mINFO [0;39m restartedMain] [org.apache.catalina.core.StandardService] [36mStarting service [Tomcat][0;39m
[2024-05-17 09:10:07 [32mINFO [0;39m restartedMain] [org.apache.catalina.core.StandardEngine] [36mStarting Servlet engine: [Apache Tomcat/10.1.20][0;39m
[2024-05-17 09:10:07 [32mINFO [0;39m restartedMain] [org.apache.catalina.core.ContainerBase.[Tomcat].[localhost].[/]] [36mInitializing Spring embedded WebApplicationContext[0;39m
[2024-05-17 09:10:07 [32mINFO [0;39m restartedMain] [org.springframework.boot.web.servlet.context.ServletWebServerApplicationContext] [36mRoot WebApplicationContext: initialization completed in 1082 ms[0;39m
[2024-05-17 09:10:07 [32mINFO [0;39m restartedMain] [org.springframework.boot.autoconfigure.web.servlet.WelcomePageHandlerMapping] [36mAdding welcome page: class path resource [static/index.html][0;39m
[2024-05-17 09:10:08 [32mINFO [0;39m restartedMain] [org.springframework.boot.devtools.autoconfigure.OptionalLiveReloadServer] [36mLiveReload server is running on port 35729[0;39m
[2024-05-17 09:10:08 [32mINFO [0;39m restartedMain] [org.springframework.boot.actuate.endpoint.web.EndpointLinksResolver] [36mExposing 1 endpoint(s) beneath base path '/actuator'[0;39m
[2024-05-17 09:10:08 [32mINFO [0;39m restartedMain] [org.apache.coyote.http11.Http11NioProtocol] [36mStarting ProtocolHandler ["http-nio-8080"][0;39m
[2024-05-17 09:10:08 [32mINFO [0;39m restartedMain] [org.springframework.boot.web.embedded.tomcat.TomcatWebServer] [36mTomcat started on port 8080 (http) with context path ''[0;39m
[2024-05-17 09:10:08 [32mINFO [0;39m restartedMain] [com.green.greengram.GreengramVer2Application] [36mStarted GreengramVer2Application in 2.138 seconds (process running for 2.473)[0;39m
[2024-05-17 09:10:08 [32mINFO [0;39m http-nio-8080-exec-1] [org.apache.catalina.core.ContainerBase.[Tomcat].[localhost].[/]] [36mInitializing Spring DispatcherServlet 'dispatcherServlet'[0;39m
[2024-05-17 09:10:08 [32mINFO [0;39m http-nio-8080-exec-1] [org.springframework.web.servlet.DispatcherServlet] [36mInitializing Servlet 'dispatcherServlet'[0;39m
[2024-05-17 09:10:08 [32mINFO [0;39m http-nio-8080-exec-1] [org.springframework.web.servlet.DispatcherServlet] [36mCompleted initialization in 1 ms[0;39m
[2024-05-17 09:10:08 [32mINFO [0;39m http-nio-8080-exec-6] [com.zaxxer.hikari.HikariDataSource] [36mHikariPool-1 - Starting...[0;39m
[2024-05-17 09:10:08 [32mINFO [0;39m http-nio-8080-exec-6] [com.zaxxer.hikari.pool.HikariPool] [36mHikariPool-1 - Added connection net.sf.log4jdbc.sql.jdbcapi.ConnectionSpy@1baa47f7[0;39m
[2024-05-17 09:10:08 [32mINFO [0;39m http-nio-8080-exec-6] [com.zaxxer.hikari.HikariDataSource] [36mHikariPool-1 - Start completed.[0;39m
[2024-05-17 09:10:08 [32mDEBUG[0;39m http-nio-8080-exec-6] [jdbc.sqltiming] [36m com.zaxxer.hikari.pool.ProxyPreparedStatement.execute(ProxyPreparedStatement.java:44)
1. SELECT A.feed_id AS feedId, A.writer_id AS writerId, B.nm AS writerNm,
        B.pic AS writerPic, A.contents, A.location, A.created_at AS createdAt, IF(C.feed_id IS NULL, 0, 1) AS isFav

        FROM feed A
        INNER JOIN user B
        ON A.writer_id=B.user_id
        LEFT JOIN feed_favorite C
        ON A.feed_id=C.feed_id AND c.user_id=1

        ORDER BY A.feed_id DESC
        LIMIT 0, 20
 {executed in 3 msec}[0;39m
[2024-05-17 09:10:08 [32mINFO [0;39m http-nio-8080-exec-6] [jdbc.resultsettable] [36m
|--------|----------|-------|-----------------------------------------|-------------------------------------------------------------------------------------------------------------------------------------------------------------------------------------------------------------------------------------------------------------------------------------------------------------------------------------------------------------------------------------------------------------------------------------------------------------------------------------------------------------------------------------------------------------------------------------------------------------------------------------------------------------------------------------------------|----------------------|--------------------|------|
|feed_id |writer_id |nm     |pic                                      |contents                                                                                                                                                                                                                                                                                                                                                                                                                                                                                                                                                                                                                                                                                         |location              |created_at          |isfav |
|--------|----------|-------|-----------------------------------------|-------------------------------------------------------------------------------------------------------------------------------------------------------------------------------------------------------------------------------------------------------------------------------------------------------------------------------------------------------------------------------------------------------------------------------------------------------------------------------------------------------------------------------------------------------------------------------------------------------------------------------------------------------------------------------------------------|----------------------|--------------------|------|
|59      |26        |ì§€ìˆ˜í˜„    |e200e3ec-2e2a-4aea-a43e-1e73e66d43b9.jpg |ì—ëŸ¬                                                                                                                                                                                                                                                                                                                                                                                                                                                                                                                                                                                                                                                                                               |ë§¨ ì•ìë¦¬                 |2024-05-10 15:22:38 |0     |
|58      |26        |ì§€ìˆ˜í˜„    |e200e3ec-2e2a-4aea-a43e-1e73e66d43b9.jpg |ì˜¤ë¥˜ë¥¼ ì¡ì•„ë³´ì                                                                                                                                                                                                                                                                                                                                                                                                                                                                                                                                                                                                                                                                                         |ë§¨ ì•ìë¦¬                 |2024-05-10 14:46:05 |0     |
|57      |25        |ë‚´ê°€ ê¹€ë¯¼ì§€ |dadbc9ea-cdbf-42c4-9284-0701251984e2.jpg |ìˆ˜í˜„ìƒ                                                                                                                                                                                                                                                                                                                                                                                                                                                                                                                                                                                                                                                                                              |ê·¸ë¦°                    |2024-05-10 13:18:19 |0     |
|56      |14        |ê¹€ì˜ë¡    |null                                     |ë‚´ìš©                                                                                                                                                                                                                                                                                                                                                                                                                                                                                                                                                                                                                                                                                               |ëŒ€êµ¬                    |2024-05-10 13:04:43 |0     |
|55      |14        |ê¹€ì˜ë¡    |null                                     |ê³ ì–‘ì´                                                                                                                                                                                                                                                                                                                                                                                                                                                                                                                                                                                                                                                                                              |ê³ ì–‘ì´                   |2024-05-09 12:40:21 |1     |
|54      |14        |ê¹€ì˜ë¡    |null                                     |dd                                                                                                                                                                                                                                                                                                                                                                                                                                                                                                                                                                                                                                                                                               |dd                    |2024-05-09 12:39:42 |0     |
|53      |14        |ê¹€ì˜ë¡    |null                                     |dd                                                                                                                                                                                                                                                                                                                                                                                                                                                                                                                                                                                                                                                                                               |dd                    |2024-05-09 12:39:27 |0     |
|52      |21        |ì™œ ì•ˆë¼   |null                                     |ë¯¼ì§€ë‹˜ ë°”ë³´                                                                                                                                                                                                                                                                                                                                                                                                                                                                                                                                                                                                                                                                                           |ë¯¼ì§€ë‹˜ ì˜†ìë¦¬               |2024-05-07 17:37:39 |0     |
|51      |21        |ì™œ ì•ˆë¼   |null                                     |ìˆ˜í˜„ë‹˜ ë°”ë³´                                                                                                                                                                                                                                                                                                                                                                                                                                                                                                                                                                                                                                                                                           |ë§¨ ë’·ìë¦¬                 |2024-05-07 17:36:58 |0     |
|50      |15        |ì´ì¬ë¬¸    |null                                     |ì´ë¯¼ì—½ê¸°ë–¡ë³¶ì´ì´ë¯¼ì—½ê¸°ë–¡ë³¶ì´ì´ë¯¼ì—½ê¸°ë–¡ë³¶ì´ì´ë¯¼ì—½ê¸°ë–¡ë³¶ì´ì´ë¯¼ì—½ê¸°ë–¡ë³¶ì´ì´ë¯¼ì—½ê¸°ë–¡ë³¶ì´ì´ë¯¼ì—½ê¸°ë–¡ë³¶ì´ì´ë¯¼ì—½ê¸°ë–¡ë³¶ì´ì´ë¯¼ì—½ê¸°ë–¡ë³¶ì´ì´ë¯¼ì—½ê¸°ë–¡ë³¶ì´ì´ë¯¼ì—½ê¸°ë–¡ë³¶ì´ì´ë¯¼ì—½ê¸°ë–¡ë³¶ì´ì´ë¯¼ì—½ê¸°ë–¡ë³¶ì´ì´ë¯¼ì—½ê¸°ë–¡ë³¶ì´ì´ë¯¼ì—½ê¸°ë–¡ë³¶ì´ì´ë¯¼ì—½ê¸°ë–¡ë³¶ì´ì´ë¯¼ì—½ê¸°ë–¡ë³¶ì´ì´ë¯¼ì—½ê¸°ë–¡ë³¶ì´ì´ë¯¼ì—½ê¸°ë–¡ë³¶ì´ì´ë¯¼ì—½ê¸°ë–¡ë³¶ì´ì´ë¯¼ì—½ê¸°ë–¡ë³¶ì´ì´ë¯¼ì—½ê¸°ë–¡ë³¶ì´ì´ë¯¼ì—½ê¸°ë–¡ë³¶ì´ì´ë¯¼ì—½ê¸°ë–¡ë³¶ì´                                                                                                                                                                                                                                                                                                                                                                                                                                                                                                                         |ì´ë¯¼ì—½ê¸°ë–¡ë³¶ì´ì´ë¯¼ì—½ê¸°ë–¡ë³¶ì´ì´ë¯¼ì—½ê¸°ë–¡ë³¶ì´ |2024-05-07 16:46:21 |0     |
|49      |14        |ê¹€ì˜ë¡    |null                                     |                                                                                                                                                                                                                                                                                                                                                                                                                                                                                                                                                                                                                                                                                                 |                      |2024-05-07 16:45:27 |0     |
|48      |14        |ê¹€ì˜ë¡    |null                                     |                                                                                                                                                                                                                                                                                                                                                                                                                                                                                                                                                                                                                                                                                                 |                      |2024-05-07 16:45:06 |0     |
|47      |15        |ì´ì¬ë¬¸    |null                                     |ì´ë¯¼ì—½ê¸°ë–¡ë³¶ì´ì´ë¯¼ì—½ê¸°ë–¡ë³¶ì´ì´ë¯¼ì—½ê¸°ë–¡ë³¶ì´ì´ë¯¼ì—½ê¸°ë–¡ë³¶ì´ì´ë¯¼ì—½ê¸°ë–¡ë³¶ì´ì´ë¯¼ì—½ê¸°ë–¡ë³¶ì´ì´ë¯¼ì—½ê¸°ë–¡ë³¶ì´ì´ë¯¼ì—½ê¸°ë–¡ë³¶ì´ì´ë¯¼ì—½ê¸°ë–¡ë³¶ì´ì´ë¯¼ì—½ê¸°ë–¡ë³¶ì´ì´ë¯¼ì—½ê¸°ë–¡ë³¶ì´ì´ë¯¼ì—½ê¸°ë–¡ë³¶ì´ì´ë¯¼ì—½ê¸°ë–¡ë³¶ì´ì´ë¯¼ì—½ê¸°ë–¡ë³¶ì´ì´ë¯¼ì—½ê¸°ë–¡ë³¶ì´ì´ë¯¼ì—½ê¸°ë–¡ë³¶ì´ì´ë¯¼ì—½ê¸°ë–¡ë³¶ì´ì´ë¯¼ì—½ê¸°ë–¡ë³¶ì´ì´ë¯¼ì—½ê¸°ë–¡ë³¶ì´ì´ë¯¼ì—½ê¸°ë–¡ë³¶ì´ì´ë¯¼ì—½ê¸°ë–¡ë³¶ì´ì´ë¯¼ì—½ê¸°ë–¡ë³¶ì´ì´ë¯¼ì—½ê¸°ë–¡ë³¶ì´ì´ë¯¼ì—½ê¸°ë–¡ë³¶ì´ì´ë¯¼ì—½ê¸°ë–¡ë³¶ì´ì´ë¯¼ì—½ê¸°ë–¡ë³¶ì´ì´ë¯¼ì—½ê¸°ë–¡ë³¶ì´ì´ë¯¼ì—½ê¸°ë–¡ë³¶ì´ì´ë¯¼ì—½ê¸°ë–¡ë³¶ì´ì´ë¯¼ì—½ê¸°ë–¡ë³¶ì´ì´ë¯¼ì—½ê¸°ë–¡ë³¶ì´ì´ë¯¼ì—½ê¸°ë–¡ë³¶ì´ì´ë¯¼ì—½ê¸°ë–¡ë³¶ì´ì´ë¯¼ì—½ê¸°ë–¡ë³¶ì´ì´ë¯¼ì—½ê¸°ë–¡ë³¶ì´ì´ë¯¼ì—½ê¸°ë–¡ë³¶ì´ì´ë¯¼ì—½ê¸°ë–¡ë³¶ì´ì´ë¯¼ì—½ê¸°ë–¡ë³¶ì´ì´ë¯¼ì—½ê¸°ë–¡ë³¶ì´ì´ë¯¼ì—½ê¸°ë–¡ë³¶ì´ì´ë¯¼ì—½ê¸°ë–¡ë³¶ì´ì´ë¯¼ì—½ê¸°ë–¡ë³¶ì´ì´ë¯¼ì—½ê¸°ë–¡ë³¶ì´ì´ë¯¼ì—½ê¸°ë–¡ë³¶ì´ì´ë¯¼ì—½ê¸°ë–¡ë³¶ì´ì´ë¯¼ì—½ê¸°ë–¡ë³¶ì´ì´ë¯¼ì—½ê¸°ë–¡ë³¶ì´ì´ë¯¼ì—½ê¸°ë–¡ë³¶ì´ì´ë¯¼ì—½ê¸°ë–¡ë³¶ì´ì´ë¯¼ì—½ê¸°ë–¡ë³¶ì´ì´ë¯¼ì—½ê¸°ë–¡ë³¶ì´ì´ë¯¼ì—½ê¸°ë–¡ë³¶ì´ì´ë¯¼ì—½ê¸°ë–¡ë³¶ì´ì´ë¯¼ì—½ê¸°ë–¡ë³¶ì´ì´ë¯¼ì—½ê¸°ë–¡ë³¶ì´ì´ë¯¼ì—½ê¸°ë–¡ë³¶ì´ì´ë¯¼ì—½ê¸°ë–¡ë³¶ì´ì´ë¯¼ì—½ê¸°ë–¡ë³¶ì´ì´ë¯¼ì—½ê¸°ë–¡ë³¶ì´ì´ë¯¼ì—½ê¸°ë–¡ë³¶ì´ì´ë¯¼ì—½ê¸°ë–¡ë³¶ì´ì´ë¯¼ì—½ê¸°ë–¡ë³¶ì´ì´ë¯¼ì—½ê¸°ë–¡ë³¶ì´ì´ë¯¼ì—½ê¸°ë–¡ë³¶ì´ì´ë¯¼ì—½ê¸°ë–¡ë³¶ì´ì´ë¯¼ì—½ê¸°ë–¡ë³¶ì´ì´ë¯¼ì—½ê¸°ë–¡ë³¶ì´ì´ë¯¼ì—½ê¸°ë–¡ë³¶ì´ì´ë¯¼ì—½ê¸°ë–¡ë³¶ì´ì´ë¯¼ì—½ê¸°ë–¡ë³¶ì´ì´ë¯¼ì—½ê¸°ë–¡ë³¶ì´ì´ë¯¼ì—½ê¸°ë–¡ë³¶ì´ì´ë¯¼ì—½ê¸°ë–¡ë³¶ì´ì´ë¯¼ì—½ê¸°ë–¡ë³¶ì´ì´ë¯¼ì—½ê¸°ë–¡ë³¶ì´ì´ë¯¼ì—½ê¸°ë–¡ë³¶ì´ì´ë¯¼ì—½ê¸°ë–¡ë³¶ì´ì´ë¯¼ì—½ê¸°ë–¡ë³¶ì´ì´ë¯¼ì—½ê¸°ë–¡ë³¶ì´ì´ë¯¼ì—½ê¸°ë–¡ë³¶ì´ì´ë¯¼ì—½ê¸°ë–¡ë³¶ì´ì´ë¯¼ì—½ê¸°ë–¡ë³¶ì´ì´ë¯¼ì—½ê¸°ë–¡ë³¶ì´ì´ë¯¼ì—½ê¸°ë–¡ë³¶ì´ì´ë¯¼ì—½ê¸°ë–¡ë³¶ì´ì´ë¯¼ì—½ê¸°ë–¡ë³¶ì´ì´ë¯¼ì—½ê¸°ë–¡ë³¶ì´ì´ë¯¼ì—½ê¸°ë–¡ë³¶ì´ì´ë¯¼ì—½ê¸°ë–¡ë³¶ì´ì´ë¯¼ì—½ê¸°ë–¡ë³¶ì´ì´ë¯¼ì—½ê¸°ë–¡ë³¶ì´ì´ë¯¼ì—½ê¸°ë–¡ë³¶ì´ì´ë¯¼ì—½ê¸°ë–¡ë³¶ì´ì´ë¯¼ì—½ê¸°ë–¡ë³¶ì´ì´ë¯¼ì—½ê¸°ë–¡ë³¶ì´ì´ë¯¼ì—½ê¸°ë–¡ë³¶ì´ |ì´ë¯¼ì—½ê¸°ë–¡ë³¶ì´ì´ë¯¼ì—½ê¸°ë–¡ë³¶ì´ì´ë¯¼ì—½ê¸°ë–¡ë³¶ì´ |2024-05-07 16:43:11 |0     |
|46      |15        |ì´ì¬ë¬¸    |null                                     |ì´ë¯¼ì—½ê¸°ë–¡ë³¶ì´ì´ë¯¼ì—½ê¸°ë–¡ë³¶ì´ì´ë¯¼ì—½ê¸°ë–¡ë³¶ì´ì´ë¯¼ì—½ê¸°ë–¡ë³¶ì´ì´ë¯¼ì—½ê¸°ë–¡ë³¶ì´ì´ë¯¼ì—½ê¸°ë–¡ë³¶ì´ì´ë¯¼ì—½ê¸°ë–¡ë³¶ì´ì´ë¯¼ì—½ê¸°ë–¡ë³¶ì´ì´ë¯¼ì—½ê¸°ë–¡ë³¶ì´ì´ë¯¼ì—½ê¸°ë–¡ë³¶ì´ì´ë¯¼ì—½ê¸°ë–¡ë³¶ì´ì´ë¯¼ì—½ê¸°ë–¡ë³¶ì´ì´ë¯¼ì—½ê¸°ë–¡ë³¶ì´ì´ë¯¼ì—½ê¸°ë–¡ë³¶ì´ì´ë¯¼ì—½ê¸°ë–¡ë³¶ì´ì´ë¯¼ì—½ê¸°ë–¡ë³¶ì´ì´ë¯¼ì—½ê¸°ë–¡ë³¶ì´ì´ë¯¼ì—½ê¸°ë–¡ë³¶ì´ì´ë¯¼ì—½ê¸°ë–¡ë³¶ì´ì´ë¯¼ì—½ê¸°ë–¡ë³¶ì´ì´ë¯¼ì—½ê¸°ë–¡ë³¶ì´ì´ë¯¼ì—½ê¸°ë–¡ë³¶ì´ì´ë¯¼ì—½ê¸°ë–¡ë³¶ì´ì´ë¯¼ì—½ê¸°ë–¡ë³¶ì´ì´ë¯¼ì—½ê¸°ë–¡ë³¶ì´ì´ë¯¼ì—½ê¸°ë–¡ë³¶ì´ì´ë¯¼ì—½ê¸°ë–¡ë³¶ì´ì´ë¯¼ì—½ê¸°ë–¡ë³¶ì´ì´ë¯¼ì—½ê¸°ë–¡ë³¶ì´ì´ë¯¼ì—½ê¸°ë–¡ë³¶ì´ì´ë¯¼ì—½ê¸°ë–¡ë³¶ì´ì´ë¯¼ì—½ê¸°ë–¡ë³¶ì´ì´ë¯¼ì—½ê¸°ë–¡ë³¶ì´ì´ë¯¼ì—½ê¸°ë–¡ë³¶ì´ì´ë¯¼ì—½ê¸°ë–¡ë³¶ì´ì´ë¯¼ì—½ê¸°ë–¡ë³¶ì´ì´ë¯¼ì—½ê¸°ë–¡ë³¶ì´ì´ë¯¼ì—½ê¸°ë–¡ë³¶ì´ì´ë¯¼ì—½ê¸°ë–¡ë³¶ì´ì´ë¯¼ì—½ê¸°ë–¡ë³¶ì´ì´ë¯¼ì—½ê¸°ë–¡ë³¶ì´ì´ë¯¼ì—½ê¸°ë–¡ë³¶ì´ì´ë¯¼ì—½ê¸°ë–¡ë³¶ì´ì´ë¯¼ì—½ê¸°ë–¡ë³¶ì´ì´ë¯¼ì—½ê¸°ë–¡ë³¶ì´ì´ë¯¼ì—½ê¸°ë–¡ë³¶ì´ì´ë¯¼ì—½ê¸°ë–¡ë³¶ì´ì´ë¯¼ì—½ê¸°ë–¡ë³¶ì´ì´ë¯¼ì—½ê¸°ë–¡ë³¶ì´ì´ë¯¼ì—½ê¸°ë–¡ë³¶ì´ì´ë¯¼ì—½ê¸°ë–¡ë³¶ì´ì´ë¯¼ì—½ê¸°ë–¡ë³¶ì´ì´ë¯¼ì—½ê¸°ë–¡ë³¶ì´ì´ë¯¼ì—½ê¸°ë–¡ë³¶ì´ì´ë¯¼ì—½ê¸°ë–¡ë³¶ì´ì´ë¯¼ì—½ê¸°ë–¡ë³¶ì´ì´ë¯¼ì—½ê¸°ë–¡ë³¶ì´ì´ë¯¼ì—½ê¸°ë–¡ë³¶ì´ì´ë¯¼ì—½ê¸°ë–¡ë³¶ì´ì´ë¯¼ì—½ê¸°ë–¡ë³¶ì´ì´ë¯¼ì—½ê¸°ë–¡ë³¶ì´ì´ë¯¼ì—½ê¸°ë–¡ë³¶ì´ì´ë¯¼ì—½ê¸°ë–¡ë³¶ì´ì´ë¯¼ì—½ê¸°ë–¡ë³¶ì´ì´ë¯¼ì—½ê¸°ë–¡ë³¶ì´ì´ë¯¼ì—½ê¸°ë–¡ë³¶ì´ì´ë¯¼ì—½ê¸°ë–¡ë³¶ì´ì´ë¯¼ì—½ê¸°ë–¡ë³¶ì´ì´ë¯¼ì—½ê¸°ë–¡ë³¶ì´ì´ë¯¼ì—½ê¸°ë–¡ë³¶ì´ì´ë¯¼ì—½ê¸°ë–¡ë³¶ì´ì´ë¯¼ì—½ê¸°ë–¡ë³¶ì´ì´ë¯¼ì—½ê¸°ë–¡ë³¶ì´ì´ë¯¼ì—½ê¸°ë–¡ë³¶ì´ì´ë¯¼ì—½ê¸°ë–¡ë³¶ì´ì´ë¯¼ì—½ê¸°ë–¡ë³¶ì´ì´ë¯¼ì—½ê¸°ë–¡ë³¶ì´ì´ë¯¼ì—½ê¸°ë–¡ë³¶ì´ì´ë¯¼ì—½ê¸°ë–¡ë³¶ì´ì´ë¯¼ì—½ê¸°ë–¡ë³¶ì´ì´ë¯¼ì—½ê¸°ë–¡ë³¶ì´ì´ë¯¼ì—½ê¸°ë–¡ë³¶ì´ì´ë¯¼ì—½ê¸°ë–¡ë³¶ì´ì´ë¯¼ì—½ê¸°ë–¡ë³¶ì´ì´ë¯¼ì—½ê¸°ë–¡ë³¶ì´ì´ë¯¼ì—½ê¸°ë–¡ë³¶ì´ì´ë¯¼ì—½ê¸°ë–¡ë³¶ì´ì´ë¯¼ì—½ê¸°ë–¡ë³¶ì´ì´ë¯¼ì—½ê¸°ë–¡ë³¶ì´ì´ë¯¼ì—½ê¸°ë–¡ë³¶ì´                                           |ì´ë¯¼ì—½ê¸°ë–¡ë³¶ì´ì´ë¯¼ì—½ê¸°ë–¡ë³¶ì´ì´ë¯¼ì—½ê¸°ë–¡ë³¶ì´ |2024-05-07 16:42:29 |0     |
|45      |20        |ì´ë¯¼í˜„    |null                                     |ì´ì§‘ ë§›ì§‘ì´ë„¤                                                                                                                                                                                                                                                                                                                                                                                                                                                                                                                                                                                                                                                                                          |ìˆ˜í˜„ìƒ                   |2024-05-07 16:41:17 |0     |
|44      |14        |ê¹€ì˜ë¡    |null                                     |ê½ê½ ì–¼ì–´ë¶™ì€ í•œê°• ìœ„ë¡œ ê³ ì–‘ì´ê°€ ê±¸ì–´ë‹¤ë‹™ë‹ˆë‹¤                                                                                                                                                                                                                                                                                                                                                                                                                                                                                                                                                                                                                                                                        |ê½ê½ ì–¼ì–´ë¶™ì€ í•œê°•            |2024-05-07 16:41:06 |0     |
|43      |10        |ë°°ê°•êµ­    |null                                     |ë¯¼ì—½ì”¨ ê·¸ë§Œ                                                                                                                                                                                                                                                                                                                                                                                                                                                                                                                                                                                                                                                                                           |ë§¨ ì•ìë¦¬                 |2024-05-07 16:40:46 |0     |
|42      |16        |ì´ì¤€í˜‘    |null                                     |ë¹„ë²• ì „ìˆ˜                                                                                                                                                                                                                                                                                                                                                                                                                                                                                                                                                                                                                                                                                            |ê·¸ë¦°ì»´í“¨í„°í•™ì›               |2024-05-07 16:39:41 |0     |
|41      |15        |ì´ì¬ë¬¸    |null                                     |ë‚˜ëŠ” ì´ë¯¼ì—½ì´ë‹¤!!!!!!!!!!!!!!!!!!!!!!!!!!!!!!!!!!!!!!!                                                                                                                                                                                                                                                                                                                                                                                                                                                                                                                                                                                                                                                  |ã…ã„´ã…‡ã„¹                  |2024-05-07 16:39:06 |0     |
|40      |15        |ì´ì¬ë¬¸    |null                                     |ë‚˜ëŠ” ì´ë¯¼ì—½ì´ë‹¤!!!!!!!!!!!!!!!!!!!!!!!!!!!!!!!!!!!!!!!                                                                                                                                                                                                                                                                                                                                                                                                                                                                                                                                                                                                                                                  |ã…ã„´ã…‡ã„¹                  |2024-05-07 16:38:59 |0     |
|--------|----------|-------|-----------------------------------------|-------------------------------------------------------------------------------------------------------------------------------------------------------------------------------------------------------------------------------------------------------------------------------------------------------------------------------------------------------------------------------------------------------------------------------------------------------------------------------------------------------------------------------------------------------------------------------------------------------------------------------------------------------------------------------------------------|----------------------|--------------------|------|
[0;39m
[2024-05-17 09:10:08 [32mDEBUG[0;39m http-nio-8080-exec-6] [jdbc.sqltiming] [36m com.zaxxer.hikari.pool.ProxyPreparedStatement.execute(ProxyPreparedStatement.java:44)
1. SELECT pic
        FROM feed_pics
        WHERE feed_id=59
 {executed in 1 msec}[0;39m
[2024-05-17 09:10:08 [32mINFO [0;39m http-nio-8080-exec-6] [jdbc.resultsettable] [36m
|-----------------------------------------|
|pic                                      |
|-----------------------------------------|
|70637e77-01d4-45d7-a0ff-e58ecab36afc.jpg |
|7bb8b1ba-bf46-4214-a823-8928c9342196.jpg |
|0323916c-dbc2-4da5-bd79-07f5daf7d2c6.png |
|-----------------------------------------|
[0;39m
[2024-05-17 09:10:08 [32mDEBUG[0;39m http-nio-8080-exec-6] [jdbc.sqltiming] [36m com.zaxxer.hikari.pool.ProxyPreparedStatement.execute(ProxyPreparedStatement.java:44)
1. SELECT A.feed_comment_id AS feedCommentId, A.created_at AS createdAt, A.comment,
                B.user_id AS writerId, B.nm AS writerNm, B.pic AS writerPic
        FROM feed_comment A
        INNER JOIN user B
        ON A.user_id=B.user_id
        WHERE A.feed_id=59
        ORDER BY A.created_at
        LIMIT 4
 {executed in 1 msec}[0;39m
[2024-05-17 09:10:08 [32mINFO [0;39m http-nio-8080-exec-6] [jdbc.resultsettable] [36m
|----------------|--------------------|--------|--------|-------|-----------------------------------------|
|feed_comment_id |created_at          |comment |user_id |nm     |pic                                      |
|----------------|--------------------|--------|--------|-------|-----------------------------------------|
|41              |2024-05-10 15:30:05 |ì´ê±´ ì•„ë‹ˆê² ì§€ |26      |ì§€ìˆ˜í˜„    |e200e3ec-2e2a-4aea-a43e-1e73e66d43b9.jpg |
|45              |2024-05-10 16:09:39 |íˆíˆ ê³ ì³¤ë‹¤  |26      |ì§€ìˆ˜í˜„    |e200e3ec-2e2a-4aea-a43e-1e73e66d43b9.jpg |
|47              |2024-05-10 16:11:24 |ì™€!!     |25      |ë‚´ê°€ ê¹€ë¯¼ì§€ |dadbc9ea-cdbf-42c4-9284-0701251984e2.jpg |
|48              |2024-05-10 16:11:25 |ì‚­ì œë„     |25      |ë‚´ê°€ ê¹€ë¯¼ì§€ |dadbc9ea-cdbf-42c4-9284-0701251984e2.jpg |
|----------------|--------------------|--------|--------|-------|-----------------------------------------|
[0;39m
[2024-05-17 09:10:08 [32mDEBUG[0;39m http-nio-8080-exec-6] [jdbc.sqltiming] [36m com.zaxxer.hikari.pool.ProxyPreparedStatement.execute(ProxyPreparedStatement.java:44)
1. SELECT pic
        FROM feed_pics
        WHERE feed_id=58
 {executed in 1 msec}[0;39m
[2024-05-17 09:10:08 [32mINFO [0;39m http-nio-8080-exec-6] [jdbc.resultsettable] [36m
|-----------------------------------------|
|pic                                      |
|-----------------------------------------|
|edcbfe89-276c-4687-b8f1-22808ea668c6.jpg |
|-----------------------------------------|
[0;39m
[2024-05-17 09:10:08 [32mDEBUG[0;39m http-nio-8080-exec-6] [jdbc.sqltiming] [36m com.zaxxer.hikari.pool.ProxyPreparedStatement.execute(ProxyPreparedStatement.java:44)
1. SELECT A.feed_comment_id AS feedCommentId, A.created_at AS createdAt, A.comment,
                B.user_id AS writerId, B.nm AS writerNm, B.pic AS writerPic
        FROM feed_comment A
        INNER JOIN user B
        ON A.user_id=B.user_id
        WHERE A.feed_id=58
        ORDER BY A.created_at
        LIMIT 4
 {executed in 1 msec}[0;39m
[2024-05-17 09:10:08 [32mINFO [0;39m http-nio-8080-exec-6] [jdbc.resultsettable] [36m
|----------------|--------------------|------------------|--------|-------|-----------------------------------------|
|feed_comment_id |created_at          |comment           |user_id |nm     |pic                                      |
|----------------|--------------------|------------------|--------|-------|-----------------------------------------|
|33              |2024-05-10 14:46:09 |ëŒ“ê¸€                |26      |ì§€ìˆ˜í˜„    |e200e3ec-2e2a-4aea-a43e-1e73e66d43b9.jpg |
|34              |2024-05-10 14:47:40 |swaggerë¥¼ í†µí•œ í•´í‚¹    |25      |ë‚´ê°€ ê¹€ë¯¼ì§€ |dadbc9ea-cdbf-42c4-9284-0701251984e2.jpg |
|35              |2024-05-10 14:48:13 |ì•„ë‹ˆ ì™œ ê·¸ë˜ ë„ˆ         |26      |ì§€ìˆ˜í˜„    |e200e3ec-2e2a-4aea-a43e-1e73e66d43b9.jpg |
|36              |2024-05-10 14:48:48 |ìƒˆë¡œê³ ì¹¨ í•˜ë©´ ë‚ ì•„ê°€ë²„ë¦¬ë„¤..? |26      |ì§€ìˆ˜í˜„    |e200e3ec-2e2a-4aea-a43e-1e73e66d43b9.jpg |
|----------------|--------------------|------------------|--------|-------|-----------------------------------------|
[0;39m
[2024-05-17 09:10:08 [32mDEBUG[0;39m http-nio-8080-exec-6] [jdbc.sqltiming] [36m com.zaxxer.hikari.pool.ProxyPreparedStatement.execute(ProxyPreparedStatement.java:44)
1. SELECT pic
        FROM feed_pics
        WHERE feed_id=57
 {executed in 0 msec}[0;39m
[2024-05-17 09:10:08 [32mINFO [0;39m http-nio-8080-exec-6] [jdbc.resultsettable] [36m
|-----------------------------------------|
|pic                                      |
|-----------------------------------------|
|bc8e3d98-2dad-41e6-b263-501708d2c858.jpg |
|-----------------------------------------|
[0;39m
[2024-05-17 09:10:08 [32mDEBUG[0;39m http-nio-8080-exec-6] [jdbc.sqltiming] [36m com.zaxxer.hikari.pool.ProxyPreparedStatement.execute(ProxyPreparedStatement.java:44)
1. SELECT A.feed_comment_id AS feedCommentId, A.created_at AS createdAt, A.comment,
                B.user_id AS writerId, B.nm AS writerNm, B.pic AS writerPic
        FROM feed_comment A
        INNER JOIN user B
        ON A.user_id=B.user_id
        WHERE A.feed_id=57
        ORDER BY A.created_at
        LIMIT 4
 {executed in 0 msec}[0;39m
[2024-05-17 09:10:08 [32mINFO [0;39m http-nio-8080-exec-6] [jdbc.resultsettable] [36m
|----------------|--------------------|--------|--------|-------|-----------------------------------------|
|feed_comment_id |created_at          |comment |user_id |nm     |pic                                      |
|----------------|--------------------|--------|--------|-------|-----------------------------------------|
|27              |2024-05-10 13:18:22 |ìˆ˜       |25      |ë‚´ê°€ ê¹€ë¯¼ì§€ |dadbc9ea-cdbf-42c4-9284-0701251984e2.jpg |
|28              |2024-05-10 13:18:24 |í˜„       |25      |ë‚´ê°€ ê¹€ë¯¼ì§€ |dadbc9ea-cdbf-42c4-9284-0701251984e2.jpg |
|29              |2024-05-10 13:18:25 |ë‹˜       |25      |ë‚´ê°€ ê¹€ë¯¼ì§€ |dadbc9ea-cdbf-42c4-9284-0701251984e2.jpg |
|30              |2024-05-10 13:18:33 |ë°”ë´‰      |25      |ë‚´ê°€ ê¹€ë¯¼ì§€ |dadbc9ea-cdbf-42c4-9284-0701251984e2.jpg |
|----------------|--------------------|--------|--------|-------|-----------------------------------------|
[0;39m
[2024-05-17 09:10:08 [32mDEBUG[0;39m http-nio-8080-exec-6] [jdbc.sqltiming] [36m com.zaxxer.hikari.pool.ProxyPreparedStatement.execute(ProxyPreparedStatement.java:44)
1. SELECT pic
        FROM feed_pics
        WHERE feed_id=56
 {executed in 0 msec}[0;39m
[2024-05-17 09:10:08 [32mINFO [0;39m http-nio-8080-exec-6] [jdbc.resultsettable] [36m
|-----------------------------------------|
|pic                                      |
|-----------------------------------------|
|52807ea0-cf8d-4f75-85c8-fd7d32bce25f.gif |
|-----------------------------------------|
[0;39m
[2024-05-17 09:10:08 [32mDEBUG[0;39m http-nio-8080-exec-6] [jdbc.sqltiming] [36m com.zaxxer.hikari.pool.ProxyPreparedStatement.execute(ProxyPreparedStatement.java:44)
1. SELECT A.feed_comment_id AS feedCommentId, A.created_at AS createdAt, A.comment,
                B.user_id AS writerId, B.nm AS writerNm, B.pic AS writerPic
        FROM feed_comment A
        INNER JOIN user B
        ON A.user_id=B.user_id
        WHERE A.feed_id=56
        ORDER BY A.created_at
        LIMIT 4
 {executed in 0 msec}[0;39m
[2024-05-17 09:10:08 [32mINFO [0;39m http-nio-8080-exec-6] [jdbc.resultsettable] [36m
|----------------|-----------|--------|--------|---|----|
|feed_comment_id |created_at |comment |user_id |nm |pic |
|----------------|-----------|--------|--------|---|----|
|----------------|-----------|--------|--------|---|----|
[0;39m
[2024-05-17 09:10:08 [32mDEBUG[0;39m http-nio-8080-exec-6] [jdbc.sqltiming] [36m com.zaxxer.hikari.pool.ProxyPreparedStatement.execute(ProxyPreparedStatement.java:44)
1. SELECT pic
        FROM feed_pics
        WHERE feed_id=55
 {executed in 1 msec}[0;39m
[2024-05-17 09:10:08 [32mINFO [0;39m http-nio-8080-exec-6] [jdbc.resultsettable] [36m
|-----------------------------------------|
|pic                                      |
|-----------------------------------------|
|a5585616-9683-4f3d-a3ee-c0f39664a3c6.gif |
|-----------------------------------------|
[0;39m
[2024-05-17 09:10:08 [32mDEBUG[0;39m http-nio-8080-exec-6] [jdbc.sqltiming] [36m com.zaxxer.hikari.pool.ProxyPreparedStatement.execute(ProxyPreparedStatement.java:44)
1. SELECT A.feed_comment_id AS feedCommentId, A.created_at AS createdAt, A.comment,
                B.user_id AS writerId, B.nm AS writerNm, B.pic AS writerPic
        FROM feed_comment A
        INNER JOIN user B
        ON A.user_id=B.user_id
        WHERE A.feed_id=55
        ORDER BY A.created_at
        LIMIT 4
 {executed in 0 msec}[0;39m
[2024-05-17 09:10:08 [32mINFO [0;39m http-nio-8080-exec-6] [jdbc.resultsettable] [36m
|----------------|--------------------|--------|--------|----|----|
|feed_comment_id |created_at          |comment |user_id |nm  |pic |
|----------------|--------------------|--------|--------|----|----|
|9               |2024-05-10 11:52:37 |ê½ê½ ì–¼ì–´ë¶™ì€ |1       |ê¹€ë¯¼ì§€ |null|
|10              |2024-05-10 11:52:42 |í•œê°•ìœ„ë¡œ    |1       |ê¹€ë¯¼ì§€ |null|
|11              |2024-05-10 11:52:47 |ê³ ì–‘ì´ê°€    |1       |ê¹€ë¯¼ì§€ |null|
|12              |2024-05-10 11:52:52 |ê±¸ì–´ë‹¤ë‹™ë‹ˆë‹¤  |1       |ê¹€ë¯¼ì§€ |null|
|----------------|--------------------|--------|--------|----|----|
[0;39m
[2024-05-17 09:10:08 [32mDEBUG[0;39m http-nio-8080-exec-6] [jdbc.sqltiming] [36m com.zaxxer.hikari.pool.ProxyPreparedStatement.execute(ProxyPreparedStatement.java:44)
1. SELECT pic
        FROM feed_pics
        WHERE feed_id=54
 {executed in 0 msec}[0;39m
[2024-05-17 09:10:08 [32mINFO [0;39m http-nio-8080-exec-6] [jdbc.resultsettable] [36m
|-----------------------------------------|
|pic                                      |
|-----------------------------------------|
|00ad80a7-d135-40a6-93c7-260da357c269.jpg |
|90543e35-cb68-4284-a25d-777738876ba8.jpg |
|-----------------------------------------|
[0;39m
[2024-05-17 09:10:08 [32mDEBUG[0;39m http-nio-8080-exec-6] [jdbc.sqltiming] [36m com.zaxxer.hikari.pool.ProxyPreparedStatement.execute(ProxyPreparedStatement.java:44)
1. SELECT A.feed_comment_id AS feedCommentId, A.created_at AS createdAt, A.comment,
                B.user_id AS writerId, B.nm AS writerNm, B.pic AS writerPic
        FROM feed_comment A
        INNER JOIN user B
        ON A.user_id=B.user_id
        WHERE A.feed_id=54
        ORDER BY A.created_at
        LIMIT 4
 {executed in 0 msec}[0;39m
[2024-05-17 09:10:08 [32mINFO [0;39m http-nio-8080-exec-6] [jdbc.resultsettable] [36m
|----------------|--------------------|--------|--------|----|----|
|feed_comment_id |created_at          |comment |user_id |nm  |pic |
|----------------|--------------------|--------|--------|----|----|
|14              |2024-05-10 11:55:19 |ì˜¤ì‰      |1       |ê¹€ë¯¼ì§€ |null|
|----------------|--------------------|--------|--------|----|----|
[0;39m
[2024-05-17 09:10:08 [32mDEBUG[0;39m http-nio-8080-exec-6] [jdbc.sqltiming] [36m com.zaxxer.hikari.pool.ProxyPreparedStatement.execute(ProxyPreparedStatement.java:44)
1. SELECT pic
        FROM feed_pics
        WHERE feed_id=53
 {executed in 1 msec}[0;39m
[2024-05-17 09:10:08 [32mINFO [0;39m http-nio-8080-exec-6] [jdbc.resultsettable] [36m
|-----------------------------------------|
|pic                                      |
|-----------------------------------------|
|402a0e38-efec-4a3b-a27a-75eede88876c.jpg |
|-----------------------------------------|
[0;39m
[2024-05-17 09:10:08 [32mDEBUG[0;39m http-nio-8080-exec-6] [jdbc.sqltiming] [36m com.zaxxer.hikari.pool.ProxyPreparedStatement.execute(ProxyPreparedStatement.java:44)
1. SELECT A.feed_comment_id AS feedCommentId, A.created_at AS createdAt, A.comment,
                B.user_id AS writerId, B.nm AS writerNm, B.pic AS writerPic
        FROM feed_comment A
        INNER JOIN user B
        ON A.user_id=B.user_id
        WHERE A.feed_id=53
        ORDER BY A.created_at
        LIMIT 4
 {executed in 1 msec}[0;39m
[2024-05-17 09:10:08 [32mINFO [0;39m http-nio-8080-exec-6] [jdbc.resultsettable] [36m
|----------------|--------------------|--------|--------|----|----|
|feed_comment_id |created_at          |comment |user_id |nm  |pic |
|----------------|--------------------|--------|--------|----|----|
|15              |2024-05-10 11:56:14 |ì„¤ë§ˆ...1  |1       |ê¹€ë¯¼ì§€ |null|
|16              |2024-05-10 11:56:18 |ì„¤ë§ˆ...2  |1       |ê¹€ë¯¼ì§€ |null|
|17              |2024-05-10 11:56:22 |ì„¤ë§ˆ...3  |1       |ê¹€ë¯¼ì§€ |null|
|18              |2024-05-10 11:56:27 |ì„¤ë§ˆ....4 |1       |ê¹€ë¯¼ì§€ |null|
|----------------|--------------------|--------|--------|----|----|
[0;39m
[2024-05-17 09:10:08 [32mDEBUG[0;39m http-nio-8080-exec-6] [jdbc.sqltiming] [36m com.zaxxer.hikari.pool.ProxyPreparedStatement.execute(ProxyPreparedStatement.java:44)
1. SELECT pic
        FROM feed_pics
        WHERE feed_id=52
 {executed in 0 msec}[0;39m
[2024-05-17 09:10:08 [32mINFO [0;39m http-nio-8080-exec-6] [jdbc.resultsettable] [36m
|-----------------------------------------|
|pic                                      |
|-----------------------------------------|
|4aabc097-bd38-45e5-939c-8229a4458a49.png |
|-----------------------------------------|
[0;39m
[2024-05-17 09:10:08 [32mDEBUG[0;39m http-nio-8080-exec-6] [jdbc.sqltiming] [36m com.zaxxer.hikari.pool.ProxyPreparedStatement.execute(ProxyPreparedStatement.java:44)
1. SELECT A.feed_comment_id AS feedCommentId, A.created_at AS createdAt, A.comment,
                B.user_id AS writerId, B.nm AS writerNm, B.pic AS writerPic
        FROM feed_comment A
        INNER JOIN user B
        ON A.user_id=B.user_id
        WHERE A.feed_id=52
        ORDER BY A.created_at
        LIMIT 4
 {executed in 0 msec}[0;39m
[2024-05-17 09:10:08 [32mINFO [0;39m http-nio-8080-exec-6] [jdbc.resultsettable] [36m
|----------------|--------------------|--------|--------|----|----|
|feed_comment_id |created_at          |comment |user_id |nm  |pic |
|----------------|--------------------|--------|--------|----|----|
|19              |2024-05-10 11:57:26 |ì•ˆë…•1     |1       |ê¹€ë¯¼ì§€ |null|
|20              |2024-05-10 11:57:30 |ì•ˆë…•2     |1       |ê¹€ë¯¼ì§€ |null|
|21              |2024-05-10 11:57:34 |ì•ˆë…•3     |1       |ê¹€ë¯¼ì§€ |null|
|22              |2024-05-10 11:57:37 |ì•ˆë…•4     |1       |ê¹€ë¯¼ì§€ |null|
|----------------|--------------------|--------|--------|----|----|
[0;39m
[2024-05-17 09:10:08 [32mDEBUG[0;39m http-nio-8080-exec-6] [jdbc.sqltiming] [36m com.zaxxer.hikari.pool.ProxyPreparedStatement.execute(ProxyPreparedStatement.java:44)
1. SELECT pic
        FROM feed_pics
        WHERE feed_id=51
 {executed in 0 msec}[0;39m
[2024-05-17 09:10:08 [32mINFO [0;39m http-nio-8080-exec-6] [jdbc.resultsettable] [36m
|-----------------------------------------|
|pic                                      |
|-----------------------------------------|
|bf11d325-f67f-43c1-93d2-64a78b3b4203.png |
|-----------------------------------------|
[0;39m
[2024-05-17 09:10:08 [32mDEBUG[0;39m http-nio-8080-exec-6] [jdbc.sqltiming] [36m com.zaxxer.hikari.pool.ProxyPreparedStatement.execute(ProxyPreparedStatement.java:44)
1. SELECT A.feed_comment_id AS feedCommentId, A.created_at AS createdAt, A.comment,
                B.user_id AS writerId, B.nm AS writerNm, B.pic AS writerPic
        FROM feed_comment A
        INNER JOIN user B
        ON A.user_id=B.user_id
        WHERE A.feed_id=51
        ORDER BY A.created_at
        LIMIT 4
 {executed in 1 msec}[0;39m
[2024-05-17 09:10:08 [32mINFO [0;39m http-nio-8080-exec-6] [jdbc.resultsettable] [36m
|----------------|--------------------|--------|--------|----|----|
|feed_comment_id |created_at          |comment |user_id |nm  |pic |
|----------------|--------------------|--------|--------|----|----|
|23              |2024-05-10 11:58:06 |1       |1       |ê¹€ë¯¼ì§€ |null|
|24              |2024-05-10 11:58:07 |2       |1       |ê¹€ë¯¼ì§€ |null|
|25              |2024-05-10 11:58:09 |3       |1       |ê¹€ë¯¼ì§€ |null|
|26              |2024-05-10 11:58:10 |4       |1       |ê¹€ë¯¼ì§€ |null|
|----------------|--------------------|--------|--------|----|----|
[0;39m
[2024-05-17 09:10:08 [32mDEBUG[0;39m http-nio-8080-exec-6] [jdbc.sqltiming] [36m com.zaxxer.hikari.pool.ProxyPreparedStatement.execute(ProxyPreparedStatement.java:44)
1. SELECT pic
        FROM feed_pics
        WHERE feed_id=50
 {executed in 1 msec}[0;39m
[2024-05-17 09:10:08 [32mINFO [0;39m http-nio-8080-exec-6] [jdbc.resultsettable] [36m
|-----------------------------------------|
|pic                                      |
|-----------------------------------------|
|e93729ff-19ee-4ff2-b6c7-678160d7a5ee.gif |
|-----------------------------------------|
[0;39m
[2024-05-17 09:10:08 [32mDEBUG[0;39m http-nio-8080-exec-6] [jdbc.sqltiming] [36m com.zaxxer.hikari.pool.ProxyPreparedStatement.execute(ProxyPreparedStatement.java:44)
1. SELECT A.feed_comment_id AS feedCommentId, A.created_at AS createdAt, A.comment,
                B.user_id AS writerId, B.nm AS writerNm, B.pic AS writerPic
        FROM feed_comment A
        INNER JOIN user B
        ON A.user_id=B.user_id
        WHERE A.feed_id=50
        ORDER BY A.created_at
        LIMIT 4
 {executed in 0 msec}[0;39m
[2024-05-17 09:10:08 [32mINFO [0;39m http-nio-8080-exec-6] [jdbc.resultsettable] [36m
|----------------|-----------|--------|--------|---|----|
|feed_comment_id |created_at |comment |user_id |nm |pic |
|----------------|-----------|--------|--------|---|----|
|----------------|-----------|--------|--------|---|----|
[0;39m
[2024-05-17 09:10:08 [32mDEBUG[0;39m http-nio-8080-exec-6] [jdbc.sqltiming] [36m com.zaxxer.hikari.pool.ProxyPreparedStatement.execute(ProxyPreparedStatement.java:44)
1. SELECT pic
        FROM feed_pics
        WHERE feed_id=49
 {executed in 1 msec}[0;39m
[2024-05-17 09:10:08 [32mINFO [0;39m http-nio-8080-exec-6] [jdbc.resultsettable] [36m
|-----------------------------------------|
|pic                                      |
|-----------------------------------------|
|8f9cec95-d916-4353-a1f6-1fe918440891.gif |
|-----------------------------------------|
[0;39m
[2024-05-17 09:10:08 [32mDEBUG[0;39m http-nio-8080-exec-6] [jdbc.sqltiming] [36m com.zaxxer.hikari.pool.ProxyPreparedStatement.execute(ProxyPreparedStatement.java:44)
1. SELECT A.feed_comment_id AS feedCommentId, A.created_at AS createdAt, A.comment,
                B.user_id AS writerId, B.nm AS writerNm, B.pic AS writerPic
        FROM feed_comment A
        INNER JOIN user B
        ON A.user_id=B.user_id
        WHERE A.feed_id=49
        ORDER BY A.created_at
        LIMIT 4
 {executed in 0 msec}[0;39m
[2024-05-17 09:10:08 [32mINFO [0;39m http-nio-8080-exec-6] [jdbc.resultsettable] [36m
|----------------|-----------|--------|--------|---|----|
|feed_comment_id |created_at |comment |user_id |nm |pic |
|----------------|-----------|--------|--------|---|----|
|----------------|-----------|--------|--------|---|----|
[0;39m
[2024-05-17 09:10:08 [32mDEBUG[0;39m http-nio-8080-exec-6] [jdbc.sqltiming] [36m com.zaxxer.hikari.pool.ProxyPreparedStatement.execute(ProxyPreparedStatement.java:44)
1. SELECT pic
        FROM feed_pics
        WHERE feed_id=48
 {executed in 0 msec}[0;39m
[2024-05-17 09:10:08 [32mINFO [0;39m http-nio-8080-exec-6] [jdbc.resultsettable] [36m
|-----------------------------------------|
|pic                                      |
|-----------------------------------------|
|c91daf55-e442-4451-a472-9380ddfbc07b.gif |
|-----------------------------------------|
[0;39m
[2024-05-17 09:10:08 [32mDEBUG[0;39m http-nio-8080-exec-6] [jdbc.sqltiming] [36m com.zaxxer.hikari.pool.ProxyPreparedStatement.execute(ProxyPreparedStatement.java:44)
1. SELECT A.feed_comment_id AS feedCommentId, A.created_at AS createdAt, A.comment,
                B.user_id AS writerId, B.nm AS writerNm, B.pic AS writerPic
        FROM feed_comment A
        INNER JOIN user B
        ON A.user_id=B.user_id
        WHERE A.feed_id=48
        ORDER BY A.created_at
        LIMIT 4
 {executed in 0 msec}[0;39m
[2024-05-17 09:10:08 [32mINFO [0;39m http-nio-8080-exec-6] [jdbc.resultsettable] [36m
|----------------|-----------|--------|--------|---|----|
|feed_comment_id |created_at |comment |user_id |nm |pic |
|----------------|-----------|--------|--------|---|----|
|----------------|-----------|--------|--------|---|----|
[0;39m
[2024-05-17 09:10:08 [32mDEBUG[0;39m http-nio-8080-exec-6] [jdbc.sqltiming] [36m com.zaxxer.hikari.pool.ProxyPreparedStatement.execute(ProxyPreparedStatement.java:44)
1. SELECT pic
        FROM feed_pics
        WHERE feed_id=47
 {executed in 0 msec}[0;39m
[2024-05-17 09:10:08 [32mINFO [0;39m http-nio-8080-exec-6] [jdbc.resultsettable] [36m
|-----------------------------------------|
|pic                                      |
|-----------------------------------------|
|32d6a7a8-e556-4bbe-bc18-0f30bec2d275.gif |
|-----------------------------------------|
[0;39m
[2024-05-17 09:10:08 [32mDEBUG[0;39m http-nio-8080-exec-6] [jdbc.sqltiming] [36m com.zaxxer.hikari.pool.ProxyPreparedStatement.execute(ProxyPreparedStatement.java:44)
1. SELECT A.feed_comment_id AS feedCommentId, A.created_at AS createdAt, A.comment,
                B.user_id AS writerId, B.nm AS writerNm, B.pic AS writerPic
        FROM feed_comment A
        INNER JOIN user B
        ON A.user_id=B.user_id
        WHERE A.feed_id=47
        ORDER BY A.created_at
        LIMIT 4
 {executed in 0 msec}[0;39m
[2024-05-17 09:10:08 [32mINFO [0;39m http-nio-8080-exec-6] [jdbc.resultsettable] [36m
|----------------|-----------|--------|--------|---|----|
|feed_comment_id |created_at |comment |user_id |nm |pic |
|----------------|-----------|--------|--------|---|----|
|----------------|-----------|--------|--------|---|----|
[0;39m
[2024-05-17 09:10:08 [32mDEBUG[0;39m http-nio-8080-exec-6] [jdbc.sqltiming] [36m com.zaxxer.hikari.pool.ProxyPreparedStatement.execute(ProxyPreparedStatement.java:44)
1. SELECT pic
        FROM feed_pics
        WHERE feed_id=46
 {executed in 0 msec}[0;39m
[2024-05-17 09:10:08 [32mINFO [0;39m http-nio-8080-exec-6] [jdbc.resultsettable] [36m
|-----------------------------------------|
|pic                                      |
|-----------------------------------------|
|7fba4543-f361-4656-ba41-c78b9add3efa.gif |
|-----------------------------------------|
[0;39m
[2024-05-17 09:10:08 [32mDEBUG[0;39m http-nio-8080-exec-6] [jdbc.sqltiming] [36m com.zaxxer.hikari.pool.ProxyPreparedStatement.execute(ProxyPreparedStatement.java:44)
1. SELECT A.feed_comment_id AS feedCommentId, A.created_at AS createdAt, A.comment,
                B.user_id AS writerId, B.nm AS writerNm, B.pic AS writerPic
        FROM feed_comment A
        INNER JOIN user B
        ON A.user_id=B.user_id
        WHERE A.feed_id=46
        ORDER BY A.created_at
        LIMIT 4
 {executed in 0 msec}[0;39m
[2024-05-17 09:10:08 [32mINFO [0;39m http-nio-8080-exec-6] [jdbc.resultsettable] [36m
|----------------|-----------|--------|--------|---|----|
|feed_comment_id |created_at |comment |user_id |nm |pic |
|----------------|-----------|--------|--------|---|----|
|----------------|-----------|--------|--------|---|----|
[0;39m
[2024-05-17 09:10:08 [32mDEBUG[0;39m http-nio-8080-exec-6] [jdbc.sqltiming] [36m com.zaxxer.hikari.pool.ProxyPreparedStatement.execute(ProxyPreparedStatement.java:44)
1. SELECT pic
        FROM feed_pics
        WHERE feed_id=45
 {executed in 0 msec}[0;39m
[2024-05-17 09:10:08 [32mINFO [0;39m http-nio-8080-exec-6] [jdbc.resultsettable] [36m
|-----------------------------------------|
|pic                                      |
|-----------------------------------------|
|6d3be14b-0fd5-464d-bc26-185e862423a9.jpg |
|-----------------------------------------|
[0;39m
[2024-05-17 09:10:08 [32mDEBUG[0;39m http-nio-8080-exec-6] [jdbc.sqltiming] [36m com.zaxxer.hikari.pool.ProxyPreparedStatement.execute(ProxyPreparedStatement.java:44)
1. SELECT A.feed_comment_id AS feedCommentId, A.created_at AS createdAt, A.comment,
                B.user_id AS writerId, B.nm AS writerNm, B.pic AS writerPic
        FROM feed_comment A
        INNER JOIN user B
        ON A.user_id=B.user_id
        WHERE A.feed_id=45
        ORDER BY A.created_at
        LIMIT 4
 {executed in 0 msec}[0;39m
[2024-05-17 09:10:08 [32mINFO [0;39m http-nio-8080-exec-6] [jdbc.resultsettable] [36m
|----------------|-----------|--------|--------|---|----|
|feed_comment_id |created_at |comment |user_id |nm |pic |
|----------------|-----------|--------|--------|---|----|
|----------------|-----------|--------|--------|---|----|
[0;39m
[2024-05-17 09:10:08 [32mDEBUG[0;39m http-nio-8080-exec-6] [jdbc.sqltiming] [36m com.zaxxer.hikari.pool.ProxyPreparedStatement.execute(ProxyPreparedStatement.java:44)
1. SELECT pic
        FROM feed_pics
        WHERE feed_id=44
 {executed in 0 msec}[0;39m
[2024-05-17 09:10:08 [32mINFO [0;39m http-nio-8080-exec-6] [jdbc.resultsettable] [36m
|-----------------------------------------|
|pic                                      |
|-----------------------------------------|
|54edebb7-91d5-420b-9ef7-65f17db2f711.gif |
|-----------------------------------------|
[0;39m
[2024-05-17 09:10:08 [32mDEBUG[0;39m http-nio-8080-exec-6] [jdbc.sqltiming] [36m com.zaxxer.hikari.pool.ProxyPreparedStatement.execute(ProxyPreparedStatement.java:44)
1. SELECT A.feed_comment_id AS feedCommentId, A.created_at AS createdAt, A.comment,
                B.user_id AS writerId, B.nm AS writerNm, B.pic AS writerPic
        FROM feed_comment A
        INNER JOIN user B
        ON A.user_id=B.user_id
        WHERE A.feed_id=44
        ORDER BY A.created_at
        LIMIT 4
 {executed in 0 msec}[0;39m
[2024-05-17 09:10:08 [32mINFO [0;39m http-nio-8080-exec-6] [jdbc.resultsettable] [36m
|----------------|-----------|--------|--------|---|----|
|feed_comment_id |created_at |comment |user_id |nm |pic |
|----------------|-----------|--------|--------|---|----|
|----------------|-----------|--------|--------|---|----|
[0;39m
[2024-05-17 09:10:08 [32mDEBUG[0;39m http-nio-8080-exec-6] [jdbc.sqltiming] [36m com.zaxxer.hikari.pool.ProxyPreparedStatement.execute(ProxyPreparedStatement.java:44)
1. SELECT pic
        FROM feed_pics
        WHERE feed_id=43
 {executed in 0 msec}[0;39m
[2024-05-17 09:10:08 [32mINFO [0;39m http-nio-8080-exec-6] [jdbc.resultsettable] [36m
|-----------------------------------------|
|pic                                      |
|-----------------------------------------|
|cb117fec-addd-4983-aca3-8255af01f46e.jpg |
|10434570-68a5-4fed-8043-f1490422316f.jpg |
|9b9eabbc-83d9-4971-a99c-6563340c1d78.jpg |
|b806202a-9d7c-4c38-8615-437c29af3f41.png |
|-----------------------------------------|
[0;39m
[2024-05-17 09:10:08 [32mDEBUG[0;39m http-nio-8080-exec-6] [jdbc.sqltiming] [36m com.zaxxer.hikari.pool.ProxyPreparedStatement.execute(ProxyPreparedStatement.java:44)
1. SELECT A.feed_comment_id AS feedCommentId, A.created_at AS createdAt, A.comment,
                B.user_id AS writerId, B.nm AS writerNm, B.pic AS writerPic
        FROM feed_comment A
        INNER JOIN user B
        ON A.user_id=B.user_id
        WHERE A.feed_id=43
        ORDER BY A.created_at
        LIMIT 4
 {executed in 0 msec}[0;39m
[2024-05-17 09:10:08 [32mINFO [0;39m http-nio-8080-exec-6] [jdbc.resultsettable] [36m
|----------------|-----------|--------|--------|---|----|
|feed_comment_id |created_at |comment |user_id |nm |pic |
|----------------|-----------|--------|--------|---|----|
|----------------|-----------|--------|--------|---|----|
[0;39m
[2024-05-17 09:10:08 [32mDEBUG[0;39m http-nio-8080-exec-6] [jdbc.sqltiming] [36m com.zaxxer.hikari.pool.ProxyPreparedStatement.execute(ProxyPreparedStatement.java:44)
1. SELECT pic
        FROM feed_pics
        WHERE feed_id=42
 {executed in 0 msec}[0;39m
[2024-05-17 09:10:08 [32mINFO [0;39m http-nio-8080-exec-6] [jdbc.resultsettable] [36m
|-----------------------------------------|
|pic                                      |
|-----------------------------------------|
|18e95dec-fa8c-436d-b7d6-511ba6fb2dee.jpg |
|-----------------------------------------|
[0;39m
[2024-05-17 09:10:08 [32mDEBUG[0;39m http-nio-8080-exec-6] [jdbc.sqltiming] [36m com.zaxxer.hikari.pool.ProxyPreparedStatement.execute(ProxyPreparedStatement.java:44)
1. SELECT A.feed_comment_id AS feedCommentId, A.created_at AS createdAt, A.comment,
                B.user_id AS writerId, B.nm AS writerNm, B.pic AS writerPic
        FROM feed_comment A
        INNER JOIN user B
        ON A.user_id=B.user_id
        WHERE A.feed_id=42
        ORDER BY A.created_at
        LIMIT 4
 {executed in 0 msec}[0;39m
[2024-05-17 09:10:08 [32mINFO [0;39m http-nio-8080-exec-6] [jdbc.resultsettable] [36m
|----------------|-----------|--------|--------|---|----|
|feed_comment_id |created_at |comment |user_id |nm |pic |
|----------------|-----------|--------|--------|---|----|
|----------------|-----------|--------|--------|---|----|
[0;39m
[2024-05-17 09:10:08 [32mDEBUG[0;39m http-nio-8080-exec-6] [jdbc.sqltiming] [36m com.zaxxer.hikari.pool.ProxyPreparedStatement.execute(ProxyPreparedStatement.java:44)
1. SELECT pic
        FROM feed_pics
        WHERE feed_id=41
 {executed in 0 msec}[0;39m
[2024-05-17 09:10:08 [32mINFO [0;39m http-nio-8080-exec-6] [jdbc.resultsettable] [36m
|-----------------------------------------|
|pic                                      |
|-----------------------------------------|
|c1b814b1-5d73-425f-8ced-b1e9bfa8c911.gif |
|-----------------------------------------|
[0;39m
[2024-05-17 09:10:08 [32mDEBUG[0;39m http-nio-8080-exec-6] [jdbc.sqltiming] [36m com.zaxxer.hikari.pool.ProxyPreparedStatement.execute(ProxyPreparedStatement.java:44)
1. SELECT A.feed_comment_id AS feedCommentId, A.created_at AS createdAt, A.comment,
                B.user_id AS writerId, B.nm AS writerNm, B.pic AS writerPic
        FROM feed_comment A
        INNER JOIN user B
        ON A.user_id=B.user_id
        WHERE A.feed_id=41
        ORDER BY A.created_at
        LIMIT 4
 {executed in 0 msec}[0;39m
[2024-05-17 09:10:08 [32mINFO [0;39m http-nio-8080-exec-6] [jdbc.resultsettable] [36m
|----------------|-----------|--------|--------|---|----|
|feed_comment_id |created_at |comment |user_id |nm |pic |
|----------------|-----------|--------|--------|---|----|
|----------------|-----------|--------|--------|---|----|
[0;39m
[2024-05-17 09:10:08 [32mDEBUG[0;39m http-nio-8080-exec-6] [jdbc.sqltiming] [36m com.zaxxer.hikari.pool.ProxyPreparedStatement.execute(ProxyPreparedStatement.java:44)
1. SELECT pic
        FROM feed_pics
        WHERE feed_id=40
 {executed in 0 msec}[0;39m
[2024-05-17 09:10:08 [32mINFO [0;39m http-nio-8080-exec-6] [jdbc.resultsettable] [36m
|-----------------------------------------|
|pic                                      |
|-----------------------------------------|
|983ec7aa-575f-41b9-bf05-2b4f45642f71.gif |
|-----------------------------------------|
[0;39m
[2024-05-17 09:10:08 [32mDEBUG[0;39m http-nio-8080-exec-6] [jdbc.sqltiming] [36m com.zaxxer.hikari.pool.ProxyPreparedStatement.execute(ProxyPreparedStatement.java:44)
1. SELECT A.feed_comment_id AS feedCommentId, A.created_at AS createdAt, A.comment,
                B.user_id AS writerId, B.nm AS writerNm, B.pic AS writerPic
        FROM feed_comment A
        INNER JOIN user B
        ON A.user_id=B.user_id
        WHERE A.feed_id=40
        ORDER BY A.created_at
        LIMIT 4
 {executed in 1 msec}[0;39m
[2024-05-17 09:10:08 [32mINFO [0;39m http-nio-8080-exec-6] [jdbc.resultsettable] [36m
|----------------|-----------|--------|--------|---|----|
|feed_comment_id |created_at |comment |user_id |nm |pic |
|----------------|-----------|--------|--------|---|----|
|----------------|-----------|--------|--------|---|----|
[0;39m
[2024-05-17 09:10:13 [32mDEBUG[0;39m http-nio-8080-exec-6] [jdbc.sqltiming] [36m com.zaxxer.hikari.pool.ProxyPreparedStatement.execute(ProxyPreparedStatement.java:44)
1. SELECT A.feed_comment_id AS feedCommentId, B.user_id AS writerId,
            B.nm AS writerNm, B.pic AS writerPic, A.comment,
            A.created_at AS createdAt
        FROM feed_comment A
        INNER JOIN user B
        ON B.user_id=A.user_id
        WHERE A.feed_id=59
        ORDER BY A.created_at
 {executed in 0 msec}[0;39m
[2024-05-17 09:10:13 [32mINFO [0;39m http-nio-8080-exec-6] [jdbc.resultsettable] [36m
|----------------|--------|-------|-----------------------------------------|--------|--------------------|
|feed_comment_id |user_id |nm     |pic                                      |comment |created_at          |
|----------------|--------|-------|-----------------------------------------|--------|--------------------|
|41              |26      |ì§€ìˆ˜í˜„    |e200e3ec-2e2a-4aea-a43e-1e73e66d43b9.jpg |ì´ê±´ ì•„ë‹ˆê² ì§€ |2024-05-10 15:30:05 |
|45              |26      |ì§€ìˆ˜í˜„    |e200e3ec-2e2a-4aea-a43e-1e73e66d43b9.jpg |íˆíˆ ê³ ì³¤ë‹¤  |2024-05-10 16:09:39 |
|47              |25      |ë‚´ê°€ ê¹€ë¯¼ì§€ |dadbc9ea-cdbf-42c4-9284-0701251984e2.jpg |ì™€!!     |2024-05-10 16:11:24 |
|48              |25      |ë‚´ê°€ ê¹€ë¯¼ì§€ |dadbc9ea-cdbf-42c4-9284-0701251984e2.jpg |ì‚­ì œë„     |2024-05-10 16:11:25 |
|49              |25      |ë‚´ê°€ ê¹€ë¯¼ì§€ |dadbc9ea-cdbf-42c4-9284-0701251984e2.jpg |ë©ë‹ˆë‹¤     |2024-05-10 16:11:27 |
|50              |25      |ë‚´ê°€ ê¹€ë¯¼ì§€ |dadbc9ea-cdbf-42c4-9284-0701251984e2.jpg |ì™€!!     |2024-05-10 16:11:28 |
|51              |6       |ê¹€ìˆ˜ì°¬    |e17757f9-4186-4278-9737-e3e82574f15b.PNG |ìˆ˜ì°¬      |2024-05-10 16:49:32 |
|52              |6       |ê¹€ìˆ˜ì°¬    |e17757f9-4186-4278-9737-e3e82574f15b.PNG |í”„ë¡œí•„ ì‚¬ì§„  |2024-05-10 16:49:38 |
|----------------|--------|-------|-----------------------------------------|--------|--------------------|
[0;39m
[2024-05-17 09:10:18 [32mDEBUG[0;39m http-nio-8080-exec-10] [jdbc.sqltiming] [36m com.zaxxer.hikari.pool.ProxyPreparedStatement.execute(ProxyPreparedStatement.java:44)
1. DELETE
        FROM feed_favorite
        WHERE feed_id=59 AND user_id=1
 {executed in 6 msec}[0;39m
[2024-05-17 09:10:18 [32mDEBUG[0;39m http-nio-8080-exec-10] [jdbc.sqltiming] [36m com.zaxxer.hikari.pool.ProxyPreparedStatement.execute(ProxyPreparedStatement.java:44)
1. INSERT INTO feed_favorite
        (feed_id, user_id)
        VALUE
        (59, 1)
 {executed in 3 msec}[0;39m
[2024-05-17 09:10:19 [32mDEBUG[0;39m http-nio-8080-exec-2] [jdbc.sqltiming] [36m com.zaxxer.hikari.pool.ProxyPreparedStatement.execute(ProxyPreparedStatement.java:44)
1. DELETE
        FROM feed_favorite
        WHERE feed_id=59 AND user_id=1
 {executed in 6 msec}[0;39m
[2024-05-17 09:10:20 [32mDEBUG[0;39m http-nio-8080-exec-1] [jdbc.sqltiming] [36m com.zaxxer.hikari.pool.ProxyPreparedStatement.execute(ProxyPreparedStatement.java:44)
1. DELETE
        FROM feed_favorite
        WHERE feed_id=59 AND user_id=1
 {executed in 0 msec}[0;39m
[2024-05-17 09:10:20 [32mDEBUG[0;39m http-nio-8080-exec-1] [jdbc.sqltiming] [36m com.zaxxer.hikari.pool.ProxyPreparedStatement.execute(ProxyPreparedStatement.java:44)
1. INSERT INTO feed_favorite
        (feed_id, user_id)
        VALUE
        (59, 1)
 {executed in 5 msec}[0;39m
[2024-05-17 09:10:25 [32mINFO [0;39m SpringApplicationShutdownHook] [com.zaxxer.hikari.HikariDataSource] [36mHikariPool-1 - Shutdown initiated...[0;39m
[2024-05-17 09:10:25 [32mINFO [0;39m SpringApplicationShutdownHook] [com.zaxxer.hikari.HikariDataSource] [36mHikariPool-1 - Shutdown completed.[0;39m
